<?xml version="1.0" encoding="UTF-8"?>
<testng-results ignored="0" total="1" passed="1" failed="0" skipped="0">
  <reporter-output>
  </reporter-output>
  <suite started-at="2022-07-06T12:10:44 IST" name="Default suite" finished-at="2022-07-06T12:10:44 IST" duration-ms="52">
    <groups>
    </groups>
    <test started-at="2022-07-06T12:10:44 IST" name="Default test" finished-at="2022-07-06T12:10:44 IST" duration-ms="52">
      <class name="MavelTestCases.NewTestCase">
        <test-method signature="New()[pri:0, instance:MavelTestCases.NewTestCase@f0da945]" started-at="2022-07-06T12:10:44 IST" name="New" finished-at="2022-07-06T12:10:44 IST" duration-ms="9" status="PASS">
          <reporter-output>
          </reporter-output>
        </test-method> <!-- New -->
      </class> <!-- MavelTestCases.NewTestCase -->
    </test> <!-- Default test -->
  </suite> <!-- Default suite -->
</testng-results>
